<?xml version="1.0" encoding="UTF-8"?>
<!-- Generated by org.testng.reporters.JUnitReportReporter -->
<testsuite skipped="0" hostname="C40LAP-13013" name="seleniumbrowser.webapptest" tests="2" failures="0" timestamp="2021-12-16T11:49:32 IST" time="0.011" errors="0">
  <testcase name="testlogin1" time="0.010" classname="seleniumbrowser.webapptest"/>
  <system-out/>
  <testcase name="testloin2" time="0.001" classname="seleniumbrowser.webapptest"/>
  <system-out/>
</testsuite> <!-- seleniumbrowser.webapptest -->
