<?xml version="1.0" encoding="UTF-8"?>
<!-- Generated by org.testng.reporters.JUnitReportReporter -->
<testsuite skipped="0" hostname="C40LAP-13013" name="seleniumbrowser.TC_selenium" tests="1" failures="0" timestamp="2021-12-16T11:49:32 IST" time="27.362" errors="0">
  <testcase name="login_Test" time="27.362" classname="seleniumbrowser.TC_selenium"/>
  <system-out/>
</testsuite> <!-- seleniumbrowser.TC_selenium -->
